2022-03-13 17:25:45,245 INFO org.springframework.boot.context.config.ConfigDataLoader [main] Fetching config from server at : http://configserver:8071
2022-03-13 17:25:45,282 INFO org.springframework.boot.context.config.ConfigDataLoader [main] Located environment: name=urlshortener, profiles=[default], label=null, version=a0cc44be19d54bbdf06463b7c58a515fff1bc98c, state=null
2022-03-13 17:25:49,378 INFO org.springframework.cloud.config.client.ConfigServicePropertySourceLocator [main] Fetching config from server at : http://configserver:8071
2022-03-13 17:25:50,235 INFO org.springframework.cloud.config.client.ConfigServicePropertySourceLocator [main] Located environment: name=urlshortener, profiles=[default], label=null, version=a0cc44be19d54bbdf06463b7c58a515fff1bc98c, state=null
2022-03-13 17:25:50,239 INFO org.springframework.cloud.bootstrap.config.PropertySourceBootstrapConfiguration [main] Located property source: [BootstrapPropertySource {name='bootstrapProperties-configClient'}, BootstrapPropertySource {name='bootstrapProperties-https://github.com/BerkerIgdir/configservice.git/src/main/resources/config/urlshortener/urlshortener.properties'}]
2022-03-13 17:25:52,284 INFO com.urlshortener.UrlshortenerApplication [main] The following profiles are active: default
2022-03-13 17:25:52,391 INFO org.springframework.boot.context.config.ConfigDataLoader [main] Fetching config from server at : http://configserver:8071
2022-03-13 17:25:52,393 INFO org.springframework.boot.context.config.ConfigDataLoader [main] Located environment: name=urlshortener, profiles=[default], label=null, version=a0cc44be19d54bbdf06463b7c58a515fff1bc98c, state=null
2022-03-13 17:25:53,733 INFO org.springframework.data.repository.config.RepositoryConfigurationDelegate [main] Multiple Spring Data modules found, entering strict repository configuration mode!
2022-03-13 17:25:53,741 INFO org.springframework.data.repository.config.RepositoryConfigurationDelegate [main] Bootstrapping Spring Data MongoDB repositories in DEFAULT mode.
2022-03-13 17:25:54,296 INFO org.springframework.data.repository.config.RepositoryConfigurationDelegate [main] Finished Spring Data repository scanning in 533 ms. Found 1 MongoDB repository interfaces.
2022-03-13 17:25:54,751 INFO org.springframework.data.repository.config.RepositoryConfigurationDelegate [main] Multiple Spring Data modules found, entering strict repository configuration mode!
2022-03-13 17:25:54,755 INFO org.springframework.data.repository.config.RepositoryConfigurationDelegate [main] Bootstrapping Spring Data Redis repositories in DEFAULT mode.
2022-03-13 17:25:54,800 INFO org.springframework.data.repository.config.RepositoryConfigurationExtensionSupport [main] Spring Data Redis - Could not safely identify store assignment for repository candidate interface com.urlshortener.repository.URLRepo. If you want this repository to be a Redis repository, consider annotating your entities with one of these annotations: org.springframework.data.redis.core.RedisHash (preferred), or consider extending one of the following types with your repository: org.springframework.data.keyvalue.repository.KeyValueRepository.
2022-03-13 17:25:54,801 INFO org.springframework.data.repository.config.RepositoryConfigurationDelegate [main] Finished Spring Data repository scanning in 20 ms. Found 0 Redis repository interfaces.
2022-03-13 17:25:55,455 INFO org.springframework.cloud.context.scope.GenericScope [main] BeanFactory id=183c7236-d2ae-3564-a185-a317d13f18e3
2022-03-13 17:25:56,683 INFO org.springframework.boot.web.embedded.tomcat.TomcatWebServer [main] Tomcat initialized with port(s): 8080 (http)
2022-03-13 17:25:56,708 INFO org.apache.coyote.http11.Http11NioProtocol [main] Initializing ProtocolHandler ["http-nio-8080"]
2022-03-13 17:25:56,710 INFO org.apache.catalina.core.StandardService [main] Starting service [Tomcat]
2022-03-13 17:25:56,712 INFO org.apache.catalina.core.StandardEngine [main] Starting Servlet engine: [Apache Tomcat/9.0.56]
2022-03-13 17:25:56,902 INFO org.apache.catalina.core.ContainerBase.[Tomcat].[localhost].[/] [main] Initializing Spring embedded WebApplicationContext
2022-03-13 17:25:56,906 INFO org.springframework.boot.web.servlet.context.ServletWebServerApplicationContext [main] Root WebApplicationContext: initialization completed in 4499 ms
2022-03-13 17:25:59,335 INFO org.mongodb.driver.cluster [main] Cluster created with settings {hosts=[mongodb1:27017, mongodb2:27017, mongodb3:27017], mode=MULTIPLE, requiredClusterType=REPLICA_SET, serverSelectionTimeout='30000 ms', requiredReplicaSetName='rsmongo'}
2022-03-13 17:25:59,337 INFO org.mongodb.driver.cluster [main] Adding discovered server mongodb1:27017 to client view of cluster
2022-03-13 17:25:59,445 INFO org.mongodb.driver.cluster [main] Adding discovered server mongodb2:27017 to client view of cluster
2022-03-13 17:25:59,464 INFO org.mongodb.driver.cluster [main] Adding discovered server mongodb3:27017 to client view of cluster
2022-03-13 17:25:59,599 INFO org.mongodb.driver.connection [cluster-rtt-ClusterId{value='622e2927abe6b97ca16e5cd9', description='null'}-mongodb1:27017] Opened connection [connectionId{localValue:3, serverValue:19}] to mongodb1:27017
2022-03-13 17:25:59,596 INFO org.mongodb.driver.connection [cluster-ClusterId{value='622e2927abe6b97ca16e5cd9', description='null'}-mongodb1:27017] Opened connection [connectionId{localValue:1, serverValue:18}] to mongodb1:27017
2022-03-13 17:25:59,599 INFO org.mongodb.driver.connection [cluster-rtt-ClusterId{value='622e2927abe6b97ca16e5cd9', description='null'}-mongodb2:27017] Opened connection [connectionId{localValue:2, serverValue:19}] to mongodb2:27017
2022-03-13 17:25:59,603 INFO org.mongodb.driver.connection [cluster-ClusterId{value='622e2927abe6b97ca16e5cd9', description='null'}-mongodb2:27017] Opened connection [connectionId{localValue:4, serverValue:20}] to mongodb2:27017
2022-03-13 17:25:59,598 INFO org.mongodb.driver.connection [cluster-rtt-ClusterId{value='622e2927abe6b97ca16e5cd9', description='null'}-mongodb3:27017] Opened connection [connectionId{localValue:6, serverValue:15}] to mongodb3:27017
2022-03-13 17:25:59,613 INFO org.mongodb.driver.connection [cluster-ClusterId{value='622e2927abe6b97ca16e5cd9', description='null'}-mongodb3:27017] Opened connection [connectionId{localValue:5, serverValue:16}] to mongodb3:27017
2022-03-13 17:25:59,614 INFO org.mongodb.driver.cluster [cluster-ClusterId{value='622e2927abe6b97ca16e5cd9', description='null'}-mongodb1:27017] Monitor thread successfully connected to server with description ServerDescription{address=mongodb1:27017, type=REPLICA_SET_PRIMARY, state=CONNECTED, ok=true, minWireVersion=0, maxWireVersion=13, maxDocumentSize=16777216, logicalSessionTimeoutMinutes=30, roundTripTimeNanos=85280300, setName='rsmongo', canonicalAddress=mongodb1:27017, hosts=[mongodb1:27017, mongodb3:27017, mongodb2:27017], passives=[], arbiters=[], primary='mongodb1:27017', tagSet=TagSet{[]}, electionId=7fffffff000000000000003b, setVersion=1, topologyVersion=TopologyVersion{processId=622e29000fd12233127b1272, counter=7}, lastWriteDate=Sun Mar 13 17:25:52 GMT 2022, lastUpdateTimeNanos=477335279527987}
2022-03-13 17:25:59,620 INFO org.mongodb.driver.cluster [cluster-ClusterId{value='622e2927abe6b97ca16e5cd9', description='null'}-mongodb2:27017] Monitor thread successfully connected to server with description ServerDescription{address=mongodb2:27017, type=REPLICA_SET_SECONDARY, state=CONNECTED, ok=true, minWireVersion=0, maxWireVersion=13, maxDocumentSize=16777216, logicalSessionTimeoutMinutes=30, roundTripTimeNanos=83028800, setName='rsmongo', canonicalAddress=mongodb2:27017, hosts=[mongodb1:27017, mongodb3:27017, mongodb2:27017], passives=[], arbiters=[], primary='mongodb1:27017', tagSet=TagSet{[]}, electionId=null, setVersion=1, topologyVersion=TopologyVersion{processId=622e2900025fa0920d9f6468, counter=8}, lastWriteDate=Sun Mar 13 17:25:52 GMT 2022, lastUpdateTimeNanos=477335278650887}
2022-03-13 17:25:59,624 INFO org.mongodb.driver.cluster [cluster-ClusterId{value='622e2927abe6b97ca16e5cd9', description='null'}-mongodb3:27017] Monitor thread successfully connected to server with description ServerDescription{address=mongodb3:27017, type=REPLICA_SET_SECONDARY, state=CONNECTED, ok=true, minWireVersion=0, maxWireVersion=13, maxDocumentSize=16777216, logicalSessionTimeoutMinutes=30, roundTripTimeNanos=96253600, setName='rsmongo', canonicalAddress=mongodb3:27017, hosts=[mongodb1:27017, mongodb3:27017, mongodb2:27017], passives=[], arbiters=[], primary='mongodb1:27017', tagSet=TagSet{[]}, electionId=null, setVersion=1, topologyVersion=TopologyVersion{processId=622e2900f7b4ed0e034461ee, counter=5}, lastWriteDate=Sun Mar 13 17:25:52 GMT 2022, lastUpdateTimeNanos=477335301607087}
2022-03-13 17:25:59,632 INFO org.mongodb.driver.cluster [cluster-ClusterId{value='622e2927abe6b97ca16e5cd9', description='null'}-mongodb1:27017] Setting max election id to 7fffffff000000000000003b from replica set primary mongodb1:27017
2022-03-13 17:25:59,634 INFO org.mongodb.driver.cluster [cluster-ClusterId{value='622e2927abe6b97ca16e5cd9', description='null'}-mongodb1:27017] Setting max set version to 1 from replica set primary mongodb1:27017
2022-03-13 17:25:59,643 INFO org.mongodb.driver.cluster [cluster-ClusterId{value='622e2927abe6b97ca16e5cd9', description='null'}-mongodb1:27017] Discovered replica set primary mongodb1:27017
2022-03-13 17:25:59,795 WARN org.springframework.data.convert.CustomConversions [main] Registering converter from class java.time.LocalDateTime to class org.joda.time.LocalDateTime as reading converter although it doesn't convert from a store-supported type! You might want to check your annotation setup at the converter implementation.
2022-03-13 17:25:59,871 WARN org.springframework.data.convert.CustomConversions [main] Registering converter from class java.time.LocalDateTime to class org.joda.time.LocalDateTime as reading converter although it doesn't convert from a store-supported type! You might want to check your annotation setup at the converter implementation.
2022-03-13 17:26:00,663 INFO org.springframework.boot.autoconfigure.security.servlet.UserDetailsServiceAutoConfiguration [main] 

Using generated security password: 70923fd6-7751-48a3-a070-f87870b73eb6

2022-03-13 17:26:00,933 INFO org.springframework.security.web.DefaultSecurityFilterChain [main] Will secure any request with [org.springframework.security.web.context.request.async.WebAsyncManagerIntegrationFilter@6f9c5048, org.springframework.security.web.context.SecurityContextPersistenceFilter@4b0b64cc, org.springframework.security.web.header.HeaderWriterFilter@7c601d50, org.springframework.security.web.authentication.logout.LogoutFilter@2149594a, org.springframework.security.web.savedrequest.RequestCacheAwareFilter@4860827a, org.springframework.security.web.servletapi.SecurityContextHolderAwareRequestFilter@7add838c, org.springframework.security.web.authentication.AnonymousAuthenticationFilter@5114b7c7, org.springframework.security.web.session.SessionManagementFilter@7c2dfa2, org.springframework.security.web.access.ExceptionTranslationFilter@169268a7, org.springframework.security.web.access.intercept.FilterSecurityInterceptor@63538bb4]
2022-03-13 17:26:03,027 INFO org.springframework.cloud.netflix.eureka.config.DiscoveryClientOptionalArgsConfiguration [main] Eureka HTTP Client uses RestTemplate.
2022-03-13 17:26:03,343 WARN org.springframework.cloud.loadbalancer.config.LoadBalancerCacheAutoConfiguration$LoadBalancerCaffeineWarnLogger [main] Spring Cloud LoadBalancer is currently working with the default cache. You can switch to using Caffeine cache, by adding it and org.springframework.cache.caffeine.CaffeineCacheManager to the classpath.
2022-03-13 17:26:03,426 INFO org.springframework.cloud.netflix.eureka.InstanceInfoFactory [main] Setting initial instance status as: STARTING
2022-03-13 17:26:03,595 INFO com.netflix.discovery.DiscoveryClient [main] Initializing Eureka in region us-east-1
2022-03-13 17:26:03,611 INFO com.netflix.discovery.shared.resolver.aws.ConfigClusterResolver [main] Resolving eureka endpoints via configuration
2022-03-13 17:26:03,689 INFO com.netflix.discovery.DiscoveryClient [main] Disable delta property : false
2022-03-13 17:26:03,691 INFO com.netflix.discovery.DiscoveryClient [main] Single vip registry refresh property : null
2022-03-13 17:26:03,693 INFO com.netflix.discovery.DiscoveryClient [main] Force full registry fetch : false
2022-03-13 17:26:03,694 INFO com.netflix.discovery.DiscoveryClient [main] Application is null : false
2022-03-13 17:26:03,696 INFO com.netflix.discovery.DiscoveryClient [main] Registered Applications size is zero : true
2022-03-13 17:26:03,697 INFO com.netflix.discovery.DiscoveryClient [main] Application version is -1: true
2022-03-13 17:26:03,699 INFO com.netflix.discovery.DiscoveryClient [main] Getting all instance registry info from the eureka server
2022-03-13 17:26:04,116 INFO com.netflix.discovery.DiscoveryClient [main] The response status is 200
2022-03-13 17:26:04,125 INFO com.netflix.discovery.DiscoveryClient [main] Starting heartbeat executor: renew interval is: 30
2022-03-13 17:26:04,186 INFO com.netflix.discovery.InstanceInfoReplicator [main] InstanceInfoReplicator onDemand update allowed rate per min is 4
2022-03-13 17:26:04,209 INFO com.netflix.discovery.DiscoveryClient [main] Discovery Client initialized at timestamp 1647192364202 with initial instances count: 0
2022-03-13 17:26:04,240 INFO org.springframework.cloud.netflix.eureka.serviceregistry.EurekaServiceRegistry [main] Registering application URLSHORTENER with eureka with status UP
2022-03-13 17:26:04,245 INFO com.netflix.discovery.DiscoveryClient [main] Saw local status change event StatusChangeEvent [timestamp=1647192364245, current=UP, previous=STARTING]
2022-03-13 17:26:04,265 INFO com.netflix.discovery.DiscoveryClient [DiscoveryClient-InstanceInfoReplicator-0] DiscoveryClient_URLSHORTENER/042041fd02a0:urlshortener: registering service...
2022-03-13 17:26:04,295 INFO org.apache.coyote.http11.Http11NioProtocol [main] Starting ProtocolHandler ["http-nio-8080"]
2022-03-13 17:26:04,392 INFO org.springframework.boot.web.embedded.tomcat.TomcatWebServer [main] Tomcat started on port(s): 8080 (http) with context path ''
2022-03-13 17:26:04,399 INFO org.springframework.cloud.netflix.eureka.serviceregistry.EurekaAutoServiceRegistration [main] Updating port to 8080
2022-03-13 17:26:04,462 INFO org.springframework.scheduling.annotation.ScheduledAnnotationBeanPostProcessor [main] No TaskScheduler/ScheduledExecutorService bean found for scheduled processing
2022-03-13 17:26:04,492 INFO com.netflix.discovery.DiscoveryClient [DiscoveryClient-InstanceInfoReplicator-0] DiscoveryClient_URLSHORTENER/042041fd02a0:urlshortener - registration status: 204
2022-03-13 17:26:04,510 INFO com.urlshortener.UrlshortenerApplication [main] Started UrlshortenerApplication in 28.999 seconds (JVM running for 42.375)
2022-03-13 17:26:34,090 INFO com.netflix.discovery.DiscoveryClient [DiscoveryClient-CacheRefreshExecutor-0] Disable delta property : false
2022-03-13 17:26:34,092 INFO com.netflix.discovery.DiscoveryClient [DiscoveryClient-CacheRefreshExecutor-0] Single vip registry refresh property : null
2022-03-13 17:26:34,095 INFO com.netflix.discovery.DiscoveryClient [DiscoveryClient-CacheRefreshExecutor-0] Force full registry fetch : false
2022-03-13 17:26:34,096 INFO com.netflix.discovery.DiscoveryClient [DiscoveryClient-CacheRefreshExecutor-0] Application is null : false
2022-03-13 17:26:34,097 INFO com.netflix.discovery.DiscoveryClient [DiscoveryClient-CacheRefreshExecutor-0] Registered Applications size is zero : true
2022-03-13 17:26:34,098 INFO com.netflix.discovery.DiscoveryClient [DiscoveryClient-CacheRefreshExecutor-0] Application version is -1: false
2022-03-13 17:26:34,100 INFO com.netflix.discovery.DiscoveryClient [DiscoveryClient-CacheRefreshExecutor-0] Getting all instance registry info from the eureka server
2022-03-13 17:26:34,130 INFO com.netflix.discovery.DiscoveryClient [DiscoveryClient-CacheRefreshExecutor-0] The response status is 200
